<?xml version="1.0" encoding="utf-8"?><testsuites><testsuite name="pytest" errors="0" failures="0" skipped="2" tests="18" time="12.475" timestamp="2026-01-27T19:31:07.014570" hostname="celesteos.local"><testcase classname="tests.test_inventory_critical.TestConcurrency" name="test_concurrent_consume_atomic" time="2.663" /><testcase classname="tests.test_inventory_critical.TestConcurrency" name="test_concurrent_receive_atomic" time="0.874" /><testcase classname="tests.test_inventory_critical.TestIdempotency" name="test_duplicate_receive_blocked" time="0.260" /><testcase classname="tests.test_inventory_critical.TestSoftDelete" name="test_consume_blocked_on_deactivated" time="1.057" /><testcase classname="tests.test_inventory_critical.TestSoftDelete" name="test_trigger_blocks_transaction_insert" time="0.908" /><testcase classname="tests.test_inventory_critical.TestSoftDelete" name="test_reactivate_restores_mutations" time="1.413" /><testcase classname="tests.test_inventory_critical.TestReversalUniqueness" name="test_double_reversal_blocked" time="0.956" /><testcase classname="tests.test_inventory_critical.TestReversalUniqueness" name="test_reversal_of_reversal_blocked" time="0.256" /><testcase classname="tests.test_inventory_critical.TestTransactionTypeRLS" name="test_transaction_type_rls_policies_exist" time="0.825" /><testcase classname="tests.test_inventory_critical.TestTransactionTypeRLS" name="test_crew_cannot_insert_write_off_via_api" time="0.000"><skipped type="pytest.skip" message="RLS enforcement requires PostgREST API, not direct SQL">/Volumes/Backup/CELESTE/BACK_BUTTON_CLOUD_PMS/tests/inventory_lens/tests/test_inventory_critical.py:455: RLS enforcement requires PostgREST API, not direct SQL</skipped></testcase><testcase classname="tests.test_inventory_critical.TestTransactionTypeRLS" name="test_crew_cannot_insert_reversed_via_api" time="0.000"><skipped type="pytest.skip" message="RLS enforcement requires PostgREST API, not direct SQL">/Volumes/Backup/CELESTE/BACK_BUTTON_CLOUD_PMS/tests/inventory_lens/tests/test_inventory_critical.py:463: RLS enforcement requires PostgREST API, not direct SQL</skipped></testcase><testcase classname="tests.test_inventory_critical.TestTransferValidation" name="test_transfer_same_location_blocked" time="0.225" /><testcase classname="tests.test_inventory_critical.TestHelperParity" name="test_is_operational_crew_with_existing_users" time="0.785" /><testcase classname="tests.test_inventory_critical.TestHelperParity" name="test_is_hod_helper_function" time="0.161" /><testcase classname="tests.test_inventory_critical.TestDualLedgerConsistency" name="test_no_inventory_drift" time="0.937" /><testcase classname="tests.test_inventory_critical.TestStorageNegativeControls" name="test_documents_wrong_prefix_denied" time="0.127" /><testcase classname="tests.test_inventory_critical.TestStorageNegativeControls" name="test_labels_wrong_prefix_denied" time="0.127" /><testcase classname="tests.test_inventory_critical.TestStorageNegativeControls" name="test_storage_policies_exist_for_documents_and_labels" time="0.854" /></testsuite></testsuites>